<?xml version="1.0" encoding="UTF-8"?>
<testsuite xmlns:xsi="http://www.w3.org/2001/XMLSchema-instance" xsi:noNamespaceSchemaLocation="https://maven.apache.org/surefire/maven-surefire-plugin/xsd/surefire-test-report.xsd" name="test.CloseAccApayTest" time="0" tests="0" errors="0" skipped="0" failures="0">
  <properties>
    <property name="sun.desktop" value="windows"/>
    <property name="awt.toolkit" value="sun.awt.windows.WToolkit"/>
    <property name="file.encoding.pkg" value="sun.io"/>
    <property name="java.specification.version" value="1.8"/>
    <property name="sun.cpu.isalist" value="amd64"/>
    <property name="sun.jnu.encoding" value="GBK"/>
    <property name="java.class.path" value="D:\blog\blogservice\target\test-classes;D:\blog\blogservice\target\classes;E:\maven_dependency\maven_dependency\org\springframework\boot\spring-boot-starter-web\2.0.1.RELEASE\spring-boot-starter-web-2.0.1.RELEASE.jar;E:\maven_dependency\maven_dependency\org\springframework\boot\spring-boot-starter-json\2.0.1.RELEASE\spring-boot-starter-json-2.0.1.RELEASE.jar;E:\maven_dependency\maven_dependency\com\fasterxml\jackson\core\jackson-databind\2.9.5\jackson-databind-2.9.5.jar;E:\maven_dependency\maven_dependency\com\fasterxml\jackson\core\jackson-annotations\2.9.0\jackson-annotations-2.9.0.jar;E:\maven_dependency\maven_dependency\com\fasterxml\jackson\core\jackson-core\2.9.5\jackson-core-2.9.5.jar;E:\maven_dependency\maven_dependency\com\fasterxml\jackson\datatype\jackson-datatype-jdk8\2.9.5\jackson-datatype-jdk8-2.9.5.jar;E:\maven_dependency\maven_dependency\com\fasterxml\jackson\datatype\jackson-datatype-jsr310\2.9.5\jackson-datatype-jsr310-2.9.5.jar;E:\maven_dependency\maven_dependency\com\fasterxml\jackson\module\jackson-module-parameter-names\2.9.5\jackson-module-parameter-names-2.9.5.jar;E:\maven_dependency\maven_dependency\org\springframework\boot\spring-boot-starter-tomcat\2.0.1.RELEASE\spring-boot-starter-tomcat-2.0.1.RELEASE.jar;E:\maven_dependency\maven_dependency\org\apache\tomcat\embed\tomcat-embed-core\8.5.29\tomcat-embed-core-8.5.29.jar;E:\maven_dependency\maven_dependency\org\apache\tomcat\embed\tomcat-embed-el\8.5.29\tomcat-embed-el-8.5.29.jar;E:\maven_dependency\maven_dependency\org\apache\tomcat\embed\tomcat-embed-websocket\8.5.29\tomcat-embed-websocket-8.5.29.jar;E:\maven_dependency\maven_dependency\org\hibernate\validator\hibernate-validator\6.0.9.Final\hibernate-validator-6.0.9.Final.jar;E:\maven_dependency\maven_dependency\javax\validation\validation-api\2.0.1.Final\validation-api-2.0.1.Final.jar;E:\maven_dependency\maven_dependency\org\jboss\logging\jboss-logging\3.3.2.Final\jboss-logging-3.3.2.Final.jar;E:\maven_dependency\maven_dependency\com\fasterxml\classmate\1.3.4\classmate-1.3.4.jar;E:\maven_dependency\maven_dependency\org\springframework\spring-web\5.0.5.RELEASE\spring-web-5.0.5.RELEASE.jar;E:\maven_dependency\maven_dependency\org\springframework\spring-beans\5.0.5.RELEASE\spring-beans-5.0.5.RELEASE.jar;E:\maven_dependency\maven_dependency\org\springframework\spring-webmvc\5.0.5.RELEASE\spring-webmvc-5.0.5.RELEASE.jar;E:\maven_dependency\maven_dependency\org\springframework\spring-aop\5.0.5.RELEASE\spring-aop-5.0.5.RELEASE.jar;E:\maven_dependency\maven_dependency\org\springframework\spring-context\5.0.5.RELEASE\spring-context-5.0.5.RELEASE.jar;E:\maven_dependency\maven_dependency\org\springframework\spring-expression\5.0.5.RELEASE\spring-expression-5.0.5.RELEASE.jar;E:\maven_dependency\maven_dependency\org\springframework\boot\spring-boot-starter-undertow\2.0.1.RELEASE\spring-boot-starter-undertow-2.0.1.RELEASE.jar;E:\maven_dependency\maven_dependency\io\undertow\undertow-core\1.4.23.Final\undertow-core-1.4.23.Final.jar;E:\maven_dependency\maven_dependency\org\jboss\xnio\xnio-api\3.3.8.Final\xnio-api-3.3.8.Final.jar;E:\maven_dependency\maven_dependency\org\jboss\xnio\xnio-nio\3.3.8.Final\xnio-nio-3.3.8.Final.jar;E:\maven_dependency\maven_dependency\io\undertow\undertow-servlet\1.4.23.Final\undertow-servlet-1.4.23.Final.jar;E:\maven_dependency\maven_dependency\org\jboss\spec\javax\annotation\jboss-annotations-api_1.2_spec\1.0.2.Final\jboss-annotations-api_1.2_spec-1.0.2.Final.jar;E:\maven_dependency\maven_dependency\io\undertow\undertow-websockets-jsr\1.4.23.Final\undertow-websockets-jsr-1.4.23.Final.jar;E:\maven_dependency\maven_dependency\org\jboss\spec\javax\websocket\jboss-websocket-api_1.1_spec\1.1.3.Final\jboss-websocket-api_1.1_spec-1.1.3.Final.jar;E:\maven_dependency\maven_dependency\javax\servlet\javax.servlet-api\3.1.0\javax.servlet-api-3.1.0.jar;E:\maven_dependency\maven_dependency\org\glassfish\javax.el\3.0.0\javax.el-3.0.0.jar;E:\maven_dependency\maven_dependency\org\springframework\boot\spring-boot-starter-jdbc\2.0.1.RELEASE\spring-boot-starter-jdbc-2.0.1.RELEASE.jar;E:\maven_dependency\maven_dependency\com\zaxxer\HikariCP\2.7.8\HikariCP-2.7.8.jar;E:\maven_dependency\maven_dependency\org\springframework\spring-jdbc\5.0.5.RELEASE\spring-jdbc-5.0.5.RELEASE.jar;E:\maven_dependency\maven_dependency\org\springframework\spring-tx\5.0.5.RELEASE\spring-tx-5.0.5.RELEASE.jar;E:\maven_dependency\maven_dependency\org\springframework\boot\spring-boot-starter\2.0.1.RELEASE\spring-boot-starter-2.0.1.RELEASE.jar;E:\maven_dependency\maven_dependency\org\springframework\boot\spring-boot\2.0.1.RELEASE\spring-boot-2.0.1.RELEASE.jar;E:\maven_dependency\maven_dependency\org\springframework\boot\spring-boot-autoconfigure\2.0.1.RELEASE\spring-boot-autoconfigure-2.0.1.RELEASE.jar;E:\maven_dependency\maven_dependency\org\springframework\boot\spring-boot-starter-logging\2.0.1.RELEASE\spring-boot-starter-logging-2.0.1.RELEASE.jar;E:\maven_dependency\maven_dependency\ch\qos\logback\logback-classic\1.2.3\logback-classic-1.2.3.jar;E:\maven_dependency\maven_dependency\ch\qos\logback\logback-core\1.2.3\logback-core-1.2.3.jar;E:\maven_dependency\maven_dependency\org\apache\logging\log4j\log4j-to-slf4j\2.10.0\log4j-to-slf4j-2.10.0.jar;E:\maven_dependency\maven_dependency\org\apache\logging\log4j\log4j-api\2.10.0\log4j-api-2.10.0.jar;E:\maven_dependency\maven_dependency\org\slf4j\jul-to-slf4j\1.7.25\jul-to-slf4j-1.7.25.jar;E:\maven_dependency\maven_dependency\javax\annotation\javax.annotation-api\1.3.2\javax.annotation-api-1.3.2.jar;E:\maven_dependency\maven_dependency\org\springframework\spring-core\5.0.5.RELEASE\spring-core-5.0.5.RELEASE.jar;E:\maven_dependency\maven_dependency\org\springframework\spring-jcl\5.0.5.RELEASE\spring-jcl-5.0.5.RELEASE.jar;E:\maven_dependency\maven_dependency\org\yaml\snakeyaml\1.19\snakeyaml-1.19.jar;E:\maven_dependency\maven_dependency\org\mybatis\spring\boot\mybatis-spring-boot-starter\1.2.0\mybatis-spring-boot-starter-1.2.0.jar;E:\maven_dependency\maven_dependency\org\mybatis\spring\boot\mybatis-spring-boot-autoconfigure\1.2.0\mybatis-spring-boot-autoconfigure-1.2.0.jar;E:\maven_dependency\maven_dependency\c3p0\c3p0\0.9.1.2\c3p0-0.9.1.2.jar;E:\maven_dependency\maven_dependency\oracle\jdbc\driver\ojdbc6\11.2.0\ojdbc6-11.2.0.jar;E:\maven_dependency\maven_dependency\org\mybatis\mybatis\3.2.6\mybatis-3.2.6.jar;E:\maven_dependency\maven_dependency\org\mybatis\mybatis-spring\1.2.2\mybatis-spring-1.2.2.jar;E:\maven_dependency\maven_dependency\commons-logging\commons-logging\1.2\commons-logging-1.2.jar;E:\maven_dependency\maven_dependency\com\alibaba\druid\1.1.12\druid-1.1.12.jar;E:\maven_dependency\maven_dependency\com\alibaba\fastjson\1.2.48.sec06\fastjson-1.2.48.sec06.jar;E:\maven_dependency\maven_dependency\com\jieyi\jieyi-commuclient-8583\1.0.0.RELEASE\jieyi-commuclient-8583-1.0.0.RELEASE.jar;E:\maven_dependency\maven_dependency\com\google\code\gson\gson\2.8.2\gson-2.8.2.jar;E:\maven_dependency\maven_dependency\commons-beanutils\commons-beanutils\1.9.2\commons-beanutils-1.9.2.jar;E:\maven_dependency\maven_dependency\log4j\log4j\1.2.17\log4j-1.2.17.jar;E:\maven_dependency\maven_dependency\com\jieyi\jieyi-tools\1.0.10.RELEASE\jieyi-tools-1.0.10.RELEASE.jar;E:\maven_dependency\maven_dependency\commons-net\commons-net\1.4.1\commons-net-1.4.1.jar;E:\maven_dependency\maven_dependency\oro\oro\2.0.8\oro-2.0.8.jar;E:\maven_dependency\maven_dependency\net\sf\ezmorph\ezmorph\1.0.6\ezmorph-1.0.6.jar;E:\maven_dependency\maven_dependency\commons-collections\commons-collections\3.2.1\commons-collections-3.2.1.jar;E:\maven_dependency\maven_dependency\org\bouncycastle\bcprov-jdk16\1.46\bcprov-jdk16-1.46.jar;E:\maven_dependency\maven_dependency\org\slf4j\slf4j-api\1.7.25\slf4j-api-1.7.25.jar;E:\maven_dependency\maven_dependency\org\slf4j\slf4j-simple\1.7.25\slf4j-simple-1.7.25.jar;E:\maven_dependency\maven_dependency\commons-lang\commons-lang\2.6\commons-lang-2.6.jar;E:\maven_dependency\maven_dependency\commons-codec\commons-codec\1.11\commons-codec-1.11.jar;E:\maven_dependency\maven_dependency\org\springframework\boot\spring-boot-configuration-processor\2.0.1.RELEASE\spring-boot-configuration-processor-2.0.1.RELEASE.jar;E:\maven_dependency\maven_dependency\cglib\cglib\2.2.2\cglib-2.2.2.jar;E:\maven_dependency\maven_dependency\asm\asm\3.3.1\asm-3.3.1.jar;E:\maven_dependency\maven_dependency\org\bouncycastle\bcprov-jdk14\1.38\bcprov-jdk14-1.38.jar;E:\maven_dependency\maven_dependency\net\sf\json-lib\json-lib\2.4\json-lib-2.4-jdk15.jar;E:\maven_dependency\maven_dependency\org\apache\httpcomponents\httpclient\4.5.5\httpclient-4.5.5.jar;E:\maven_dependency\maven_dependency\org\apache\httpcomponents\httpcore\4.4.9\httpcore-4.4.9.jar;E:\maven_dependency\maven_dependency\mysql\mysql-connector-java\5.1.46\mysql-connector-java-5.1.46.jar;"/>
    <property name="java.vm.vendor" value="Oracle Corporation"/>
    <property name="sun.arch.data.model" value="64"/>
    <property name="user.variant" value=""/>
    <property name="java.vendor.url" value="http://java.oracle.com/"/>
    <property name="user.timezone" value="Asia/Shanghai"/>
    <property name="java.vm.specification.version" value="1.8"/>
    <property name="os.name" value="Windows 8.1"/>
    <property name="user.country" value="CN"/>
    <property name="sun.java.launcher" value="SUN_STANDARD"/>
    <property name="sun.boot.library.path" value="C:\Program Files\Java\jdk1.8.0_45\jre\bin"/>
    <property name="sun.java.command" value="C:\Users\guofeng\AppData\Local\Temp\surefire8496078394800362842\surefirebooter3992589144777554484.jar C:\Users\guofeng\AppData\Local\Temp\surefire8496078394800362842 2020-03-05T16-41-15_782-jvmRun1 surefire3755511342744225137tmp surefire_08564110744417729762tmp"/>
    <property name="surefire.test.class.path" value="D:\blog\blogservice\target\test-classes;D:\blog\blogservice\target\classes;E:\maven_dependency\maven_dependency\org\springframework\boot\spring-boot-starter-web\2.0.1.RELEASE\spring-boot-starter-web-2.0.1.RELEASE.jar;E:\maven_dependency\maven_dependency\org\springframework\boot\spring-boot-starter-json\2.0.1.RELEASE\spring-boot-starter-json-2.0.1.RELEASE.jar;E:\maven_dependency\maven_dependency\com\fasterxml\jackson\core\jackson-databind\2.9.5\jackson-databind-2.9.5.jar;E:\maven_dependency\maven_dependency\com\fasterxml\jackson\core\jackson-annotations\2.9.0\jackson-annotations-2.9.0.jar;E:\maven_dependency\maven_dependency\com\fasterxml\jackson\core\jackson-core\2.9.5\jackson-core-2.9.5.jar;E:\maven_dependency\maven_dependency\com\fasterxml\jackson\datatype\jackson-datatype-jdk8\2.9.5\jackson-datatype-jdk8-2.9.5.jar;E:\maven_dependency\maven_dependency\com\fasterxml\jackson\datatype\jackson-datatype-jsr310\2.9.5\jackson-datatype-jsr310-2.9.5.jar;E:\maven_dependency\maven_dependency\com\fasterxml\jackson\module\jackson-module-parameter-names\2.9.5\jackson-module-parameter-names-2.9.5.jar;E:\maven_dependency\maven_dependency\org\springframework\boot\spring-boot-starter-tomcat\2.0.1.RELEASE\spring-boot-starter-tomcat-2.0.1.RELEASE.jar;E:\maven_dependency\maven_dependency\org\apache\tomcat\embed\tomcat-embed-core\8.5.29\tomcat-embed-core-8.5.29.jar;E:\maven_dependency\maven_dependency\org\apache\tomcat\embed\tomcat-embed-el\8.5.29\tomcat-embed-el-8.5.29.jar;E:\maven_dependency\maven_dependency\org\apache\tomcat\embed\tomcat-embed-websocket\8.5.29\tomcat-embed-websocket-8.5.29.jar;E:\maven_dependency\maven_dependency\org\hibernate\validator\hibernate-validator\6.0.9.Final\hibernate-validator-6.0.9.Final.jar;E:\maven_dependency\maven_dependency\javax\validation\validation-api\2.0.1.Final\validation-api-2.0.1.Final.jar;E:\maven_dependency\maven_dependency\org\jboss\logging\jboss-logging\3.3.2.Final\jboss-logging-3.3.2.Final.jar;E:\maven_dependency\maven_dependency\com\fasterxml\classmate\1.3.4\classmate-1.3.4.jar;E:\maven_dependency\maven_dependency\org\springframework\spring-web\5.0.5.RELEASE\spring-web-5.0.5.RELEASE.jar;E:\maven_dependency\maven_dependency\org\springframework\spring-beans\5.0.5.RELEASE\spring-beans-5.0.5.RELEASE.jar;E:\maven_dependency\maven_dependency\org\springframework\spring-webmvc\5.0.5.RELEASE\spring-webmvc-5.0.5.RELEASE.jar;E:\maven_dependency\maven_dependency\org\springframework\spring-aop\5.0.5.RELEASE\spring-aop-5.0.5.RELEASE.jar;E:\maven_dependency\maven_dependency\org\springframework\spring-context\5.0.5.RELEASE\spring-context-5.0.5.RELEASE.jar;E:\maven_dependency\maven_dependency\org\springframework\spring-expression\5.0.5.RELEASE\spring-expression-5.0.5.RELEASE.jar;E:\maven_dependency\maven_dependency\org\springframework\boot\spring-boot-starter-undertow\2.0.1.RELEASE\spring-boot-starter-undertow-2.0.1.RELEASE.jar;E:\maven_dependency\maven_dependency\io\undertow\undertow-core\1.4.23.Final\undertow-core-1.4.23.Final.jar;E:\maven_dependency\maven_dependency\org\jboss\xnio\xnio-api\3.3.8.Final\xnio-api-3.3.8.Final.jar;E:\maven_dependency\maven_dependency\org\jboss\xnio\xnio-nio\3.3.8.Final\xnio-nio-3.3.8.Final.jar;E:\maven_dependency\maven_dependency\io\undertow\undertow-servlet\1.4.23.Final\undertow-servlet-1.4.23.Final.jar;E:\maven_dependency\maven_dependency\org\jboss\spec\javax\annotation\jboss-annotations-api_1.2_spec\1.0.2.Final\jboss-annotations-api_1.2_spec-1.0.2.Final.jar;E:\maven_dependency\maven_dependency\io\undertow\undertow-websockets-jsr\1.4.23.Final\undertow-websockets-jsr-1.4.23.Final.jar;E:\maven_dependency\maven_dependency\org\jboss\spec\javax\websocket\jboss-websocket-api_1.1_spec\1.1.3.Final\jboss-websocket-api_1.1_spec-1.1.3.Final.jar;E:\maven_dependency\maven_dependency\javax\servlet\javax.servlet-api\3.1.0\javax.servlet-api-3.1.0.jar;E:\maven_dependency\maven_dependency\org\glassfish\javax.el\3.0.0\javax.el-3.0.0.jar;E:\maven_dependency\maven_dependency\org\springframework\boot\spring-boot-starter-jdbc\2.0.1.RELEASE\spring-boot-starter-jdbc-2.0.1.RELEASE.jar;E:\maven_dependency\maven_dependency\com\zaxxer\HikariCP\2.7.8\HikariCP-2.7.8.jar;E:\maven_dependency\maven_dependency\org\springframework\spring-jdbc\5.0.5.RELEASE\spring-jdbc-5.0.5.RELEASE.jar;E:\maven_dependency\maven_dependency\org\springframework\spring-tx\5.0.5.RELEASE\spring-tx-5.0.5.RELEASE.jar;E:\maven_dependency\maven_dependency\org\springframework\boot\spring-boot-starter\2.0.1.RELEASE\spring-boot-starter-2.0.1.RELEASE.jar;E:\maven_dependency\maven_dependency\org\springframework\boot\spring-boot\2.0.1.RELEASE\spring-boot-2.0.1.RELEASE.jar;E:\maven_dependency\maven_dependency\org\springframework\boot\spring-boot-autoconfigure\2.0.1.RELEASE\spring-boot-autoconfigure-2.0.1.RELEASE.jar;E:\maven_dependency\maven_dependency\org\springframework\boot\spring-boot-starter-logging\2.0.1.RELEASE\spring-boot-starter-logging-2.0.1.RELEASE.jar;E:\maven_dependency\maven_dependency\ch\qos\logback\logback-classic\1.2.3\logback-classic-1.2.3.jar;E:\maven_dependency\maven_dependency\ch\qos\logback\logback-core\1.2.3\logback-core-1.2.3.jar;E:\maven_dependency\maven_dependency\org\apache\logging\log4j\log4j-to-slf4j\2.10.0\log4j-to-slf4j-2.10.0.jar;E:\maven_dependency\maven_dependency\org\apache\logging\log4j\log4j-api\2.10.0\log4j-api-2.10.0.jar;E:\maven_dependency\maven_dependency\org\slf4j\jul-to-slf4j\1.7.25\jul-to-slf4j-1.7.25.jar;E:\maven_dependency\maven_dependency\javax\annotation\javax.annotation-api\1.3.2\javax.annotation-api-1.3.2.jar;E:\maven_dependency\maven_dependency\org\springframework\spring-core\5.0.5.RELEASE\spring-core-5.0.5.RELEASE.jar;E:\maven_dependency\maven_dependency\org\springframework\spring-jcl\5.0.5.RELEASE\spring-jcl-5.0.5.RELEASE.jar;E:\maven_dependency\maven_dependency\org\yaml\snakeyaml\1.19\snakeyaml-1.19.jar;E:\maven_dependency\maven_dependency\org\mybatis\spring\boot\mybatis-spring-boot-starter\1.2.0\mybatis-spring-boot-starter-1.2.0.jar;E:\maven_dependency\maven_dependency\org\mybatis\spring\boot\mybatis-spring-boot-autoconfigure\1.2.0\mybatis-spring-boot-autoconfigure-1.2.0.jar;E:\maven_dependency\maven_dependency\c3p0\c3p0\0.9.1.2\c3p0-0.9.1.2.jar;E:\maven_dependency\maven_dependency\oracle\jdbc\driver\ojdbc6\11.2.0\ojdbc6-11.2.0.jar;E:\maven_dependency\maven_dependency\org\mybatis\mybatis\3.2.6\mybatis-3.2.6.jar;E:\maven_dependency\maven_dependency\org\mybatis\mybatis-spring\1.2.2\mybatis-spring-1.2.2.jar;E:\maven_dependency\maven_dependency\commons-logging\commons-logging\1.2\commons-logging-1.2.jar;E:\maven_dependency\maven_dependency\com\alibaba\druid\1.1.12\druid-1.1.12.jar;E:\maven_dependency\maven_dependency\com\alibaba\fastjson\1.2.48.sec06\fastjson-1.2.48.sec06.jar;E:\maven_dependency\maven_dependency\com\jieyi\jieyi-commuclient-8583\1.0.0.RELEASE\jieyi-commuclient-8583-1.0.0.RELEASE.jar;E:\maven_dependency\maven_dependency\com\google\code\gson\gson\2.8.2\gson-2.8.2.jar;E:\maven_dependency\maven_dependency\commons-beanutils\commons-beanutils\1.9.2\commons-beanutils-1.9.2.jar;E:\maven_dependency\maven_dependency\log4j\log4j\1.2.17\log4j-1.2.17.jar;E:\maven_dependency\maven_dependency\com\jieyi\jieyi-tools\1.0.10.RELEASE\jieyi-tools-1.0.10.RELEASE.jar;E:\maven_dependency\maven_dependency\commons-net\commons-net\1.4.1\commons-net-1.4.1.jar;E:\maven_dependency\maven_dependency\oro\oro\2.0.8\oro-2.0.8.jar;E:\maven_dependency\maven_dependency\net\sf\ezmorph\ezmorph\1.0.6\ezmorph-1.0.6.jar;E:\maven_dependency\maven_dependency\commons-collections\commons-collections\3.2.1\commons-collections-3.2.1.jar;E:\maven_dependency\maven_dependency\org\bouncycastle\bcprov-jdk16\1.46\bcprov-jdk16-1.46.jar;E:\maven_dependency\maven_dependency\org\slf4j\slf4j-api\1.7.25\slf4j-api-1.7.25.jar;E:\maven_dependency\maven_dependency\org\slf4j\slf4j-simple\1.7.25\slf4j-simple-1.7.25.jar;E:\maven_dependency\maven_dependency\commons-lang\commons-lang\2.6\commons-lang-2.6.jar;E:\maven_dependency\maven_dependency\commons-codec\commons-codec\1.11\commons-codec-1.11.jar;E:\maven_dependency\maven_dependency\org\springframework\boot\spring-boot-configuration-processor\2.0.1.RELEASE\spring-boot-configuration-processor-2.0.1.RELEASE.jar;E:\maven_dependency\maven_dependency\cglib\cglib\2.2.2\cglib-2.2.2.jar;E:\maven_dependency\maven_dependency\asm\asm\3.3.1\asm-3.3.1.jar;E:\maven_dependency\maven_dependency\org\bouncycastle\bcprov-jdk14\1.38\bcprov-jdk14-1.38.jar;E:\maven_dependency\maven_dependency\net\sf\json-lib\json-lib\2.4\json-lib-2.4-jdk15.jar;E:\maven_dependency\maven_dependency\org\apache\httpcomponents\httpclient\4.5.5\httpclient-4.5.5.jar;E:\maven_dependency\maven_dependency\org\apache\httpcomponents\httpcore\4.4.9\httpcore-4.4.9.jar;E:\maven_dependency\maven_dependency\mysql\mysql-connector-java\5.1.46\mysql-connector-java-5.1.46.jar;"/>
    <property name="sun.cpu.endian" value="little"/>
    <property name="user.home" value="C:\Users\guofeng"/>
    <property name="user.language" value="zh"/>
    <property name="java.specification.vendor" value="Oracle Corporation"/>
    <property name="java.home" value="C:\Program Files\Java\jdk1.8.0_45\jre"/>
    <property name="basedir" value="D:\blog\blogservice"/>
    <property name="file.separator" value="\"/>
    <property name="line.separator" value="&#10;"/>
    <property name="java.vm.specification.vendor" value="Oracle Corporation"/>
    <property name="java.specification.name" value="Java Platform API Specification"/>
    <property name="java.awt.graphicsenv" value="sun.awt.Win32GraphicsEnvironment"/>
    <property name="surefire.real.class.path" value="C:\Users\guofeng\AppData\Local\Temp\surefire8496078394800362842\surefirebooter3992589144777554484.jar"/>
    <property name="sun.boot.class.path" value="C:\Program Files\Java\jdk1.8.0_45\jre\lib\resources.jar;C:\Program Files\Java\jdk1.8.0_45\jre\lib\rt.jar;C:\Program Files\Java\jdk1.8.0_45\jre\lib\sunrsasign.jar;C:\Program Files\Java\jdk1.8.0_45\jre\lib\jsse.jar;C:\Program Files\Java\jdk1.8.0_45\jre\lib\jce.jar;C:\Program Files\Java\jdk1.8.0_45\jre\lib\charsets.jar;C:\Program Files\Java\jdk1.8.0_45\jre\lib\jfr.jar;C:\Program Files\Java\jdk1.8.0_45\jre\classes"/>
    <property name="user.script" value=""/>
    <property name="sun.management.compiler" value="HotSpot 64-Bit Tiered Compilers"/>
    <property name="java.runtime.version" value="1.8.0_45-b14"/>
    <property name="user.name" value="guofeng"/>
    <property name="path.separator" value=";"/>
    <property name="os.version" value="6.3"/>
    <property name="java.endorsed.dirs" value="C:\Program Files\Java\jdk1.8.0_45\jre\lib\endorsed"/>
    <property name="java.runtime.name" value="Java(TM) SE Runtime Environment"/>
    <property name="file.encoding" value="GBK"/>
    <property name="java.vm.name" value="Java HotSpot(TM) 64-Bit Server VM"/>
    <property name="localRepository" value="E:\maven_dependency\maven_dependency"/>
    <property name="java.vendor.url.bug" value="http://bugreport.sun.com/bugreport/"/>
    <property name="java.io.tmpdir" value="C:\Users\guofeng\AppData\Local\Temp\"/>
    <property name="java.version" value="1.8.0_45"/>
    <property name="user.dir" value="D:\blog\blogservice"/>
    <property name="os.arch" value="amd64"/>
    <property name="java.vm.specification.name" value="Java Virtual Machine Specification"/>
    <property name="java.awt.printerjob" value="sun.awt.windows.WPrinterJob"/>
    <property name="sun.os.patch.level" value=""/>
    <property name="java.library.path" value="C:\Program Files\Java\jdk1.8.0_45\jre\bin;C:\WINDOWS\Sun\Java\bin;C:\WINDOWS\system32;C:\WINDOWS;E:\app\guofeng\product\11.2.0\client_1\bin;C:\ProgramData\Oracle\Java\javapath;C:\Program Files (x86)\Intel\Intel(R) Management Engine Components\iCLS\;C:\Program Files\Intel\Intel(R) Management Engine Components\iCLS\;C:\Windows\System32;C:\Windows;C:\Windows\System32\wbem;C:\Windows\System32\WindowsPowerShell\v1.0\;C:\Windows\System32\OpenSSH\;C:\Program Files (x86)\Intel\Intel(R) Management Engine Components\DAL;C:\Program Files\Intel\Intel(R) Management Engine Components\DAL;C:\Program Files (x86)\Intel\Intel(R) Management Engine Components\IPT;C:\Program Files\Intel\Intel(R) Management Engine Components\IPT;C:\Program Files\Java\jdk1.8.0_45\bin;C:\Program Files\Java\jdk1.8.0_45\jre\bin;C:\Program Files\TortoiseSVN\bin;D:\soft\apache-maven-3.3.9-bin\apache-maven-3.3.9\bin;D:\soft\instantclient_11_2;E:\app\guofeng\product\11.2.0\client_1\bin;D:\oracle\instantclient_11_2\BIN;C:\Users\guofeng\AppData\Local\Microsoft\WindowsApps;;E:\idea\IntelliJ IDEA 2019.3.1\bin;;."/>
    <property name="java.vm.info" value="mixed mode"/>
    <property name="java.vendor" value="Oracle Corporation"/>
    <property name="java.vm.version" value="25.45-b02"/>
    <property name="java.ext.dirs" value="C:\Program Files\Java\jdk1.8.0_45\jre\lib\ext;C:\WINDOWS\Sun\Java\lib\ext"/>
    <property name="sun.io.unicode.encoding" value="UnicodeLittle"/>
    <property name="java.class.version" value="52.0"/>
  </properties>
</testsuite>